<?xml version="1.0" encoding="UTF-8"?>
<!-- Generated by org.testng.reporters.JUnitReportReporter -->
<testsuite hostname="Rajavigneshwaran" failures="0" tests="5" name="com.Theecode.MainScript" time="77.795" errors="0" timestamp="2023-06-29T12:23:36 IST" skipped="0">
  <testcase classname="com.Theecode.MainScript" name="propertySetUps" time="33.465"/>
  <system-out/>
  <testcase classname="com.Theecode.MainScript" name="signUpLoginPage" time="4.470"/>
  <system-out/>
  <testcase classname="com.Theecode.MainScript" name="backOfficeHome" time="19.819"/>
  <system-out/>
  <testcase classname="com.Theecode.MainScript" name="adminPage" time="3.106"/>
  <system-out/>
  <testcase classname="com.Theecode.MainScript" name="Provider" time="16.935"/>
  <system-out/>
</testsuite> <!-- com.Theecode.MainScript -->
