<?xml version="1.0" encoding="UTF-8"?>
<!-- Generated by org.testng.reporters.JUnitReportReporter -->
<testsuite hostname="Rajavigneshwaran" failures="0" tests="1" name="DemoJXL.jxlDemoLogin" time="0.000" errors="0" timestamp="2023-06-14T23:01:14 IST" skipped="1">
  <testcase classname="DemoJXL.jxlDemoLogin" name="loginTestCase" time="0.000">
    <skipped/>
  </testcase> <!-- loginTestCase -->
  <system-out/>
</testsuite> <!-- DemoJXL.jxlDemoLogin -->
