<?xml version="1.0" encoding="UTF-8"?>
<!-- Generated by org.testng.reporters.JUnitReportReporter -->
<testsuite hostname="Rajavigneshwaran" failures="0" tests="4" name="com.Theecode.fullTest" time="59.132" errors="0" timestamp="2023-06-26T02:21:32 IST" skipped="0">
  <testcase classname="com.Theecode.fullTest" name="propertySetUps" time="18.988"/>
  <system-out/>
  <testcase classname="com.Theecode.fullTest" name="signUpLoginPage" time="5.437"/>
  <system-out/>
  <testcase classname="com.Theecode.fullTest" name="backOfficeHome" time="26.357"/>
  <system-out/>
  <testcase classname="com.Theecode.fullTest" name="addProvider" time="8.350"/>
  <system-out/>
</testsuite> <!-- com.Theecode.fullTest -->
