<?xml version="1.0" encoding="UTF-8"?>
<!-- Generated by org.testng.reporters.JUnitReportReporter -->
<testsuite hostname="Rajavigneshwaran" failures="0" tests="4" name="TheeCodeTechReg.fullTest" time="94.548" errors="0" timestamp="2023-06-21T19:20:57 IST" skipped="0">
  <testcase classname="TheeCodeTechReg.fullTest" name="propertySetUps" time="27.021"/>
  <system-out/>
  <testcase classname="TheeCodeTechReg.fullTest" name="signUpLoginPage" time="11.506"/>
  <system-out/>
  <testcase classname="TheeCodeTechReg.fullTest" name="backOfficeHome" time="26.388"/>
  <system-out/>
  <testcase classname="TheeCodeTechReg.fullTest" name="addProvider" time="29.633"/>
  <system-out/>
</testsuite> <!-- TheeCodeTechReg.fullTest -->
