<?xml version="1.0" encoding="UTF-8"?>
<!-- Generated by org.testng.reporters.JUnitReportReporter -->
<testsuite hostname="Rajavigneshwaran" failures="0" tests="7" name="com.Borrower.Theecode.BorrowerMainScript" time="52.816" errors="0" timestamp="2023-07-10T21:47:26 IST" skipped="0">
  <testcase classname="com.Borrower.Theecode.BorrowerMainScript" name="propertySetUpsBorrower" time="20.022"/>
  <system-out/>
  <testcase classname="com.Borrower.Theecode.BorrowerMainScript" name="adminLogin" time="5.653"/>
  <system-out/>
  <testcase classname="com.Borrower.Theecode.BorrowerMainScript" name="adminPortal" time="5.151"/>
  <system-out/>
  <testcase classname="com.Borrower.Theecode.BorrowerMainScript" name="borrowerLandingPage" time="2.223"/>
  <system-out/>
  <testcase classname="com.Borrower.Theecode.BorrowerMainScript" name="borrowerLoanSelectingPage" time="3.707"/>
  <system-out/>
  <testcase classname="com.Borrower.Theecode.BorrowerMainScript" name="borrowerEmailNumberPage" time="2.569"/>
  <system-out/>
  <testcase classname="com.Borrower.Theecode.BorrowerMainScript" name="mailLinkAccess" time="13.491"/>
  <system-out/>
</testsuite> <!-- com.Borrower.Theecode.BorrowerMainScript -->
